<?xml version="1.0" encoding="UTF-8"?>
<!-- Generated by org.testng.reporters.JUnitReportReporter -->
<testsuite hostname="DESKTOP-QKLBAMQ" failures="0" tests="2" name="com.itview.TestNG.LoginTestScenario" time="5.115" errors="0" timestamp="2022-10-01T17:25:15 IST" skipped="0">
  <testcase classname="com.itview.TestNG.LoginTestScenario" name="adminLogin" time="3.076"/>
  <system-out/>
  <testcase classname="com.itview.TestNG.LoginTestScenario" name="orangeHRM" time="2.039"/>
  <system-out/>
</testsuite> <!-- com.itview.TestNG.LoginTestScenario -->
