<?xml version="1.0" encoding="UTF-8"?>
<!-- Generated by org.testng.reporters.JUnitReportReporter -->
<testsuite hostname="DESKTOP-QKLBAMQ" failures="0" tests="1" name="com.itview.TestNG.HardAssertCode" time="18.449" errors="0" timestamp="2022-10-03T22:47:24 IST" skipped="0">
  <testcase classname="com.itview.TestNG.HardAssertCode" name="Login" time="18.449"/>
  <system-out/>
</testsuite> <!-- com.itview.TestNG.HardAssertCode -->
