<?xml version="1.0" encoding="UTF-8"?>
<!-- Generated by org.testng.reporters.JUnitReportReporter -->
<testsuite hostname="DESKTOP-QKLBAMQ" failures="0" tests="1" name="com.itview.TestNG.OpenNewTab" time="10.286" errors="0" timestamp="2022-10-14T19:26:32 IST" skipped="0">
  <testcase classname="com.itview.TestNG.OpenNewTab" name="f" time="10.286"/>
  <system-out/>
</testsuite> <!-- com.itview.TestNG.OpenNewTab -->
