<?xml version="1.0" encoding="UTF-8"?>
<!-- Generated by org.testng.reporters.JUnitReportReporter -->
<testsuite hostname="DESKTOP-QKLBAMQ" failures="0" tests="1" name="com.itview.TestNG.WindowTab" time="46.749" errors="0" timestamp="2022-10-14T18:43:32 IST" skipped="0">
  <testcase classname="com.itview.TestNG.WindowTab" name="f" time="46.749"/>
  <system-out/>
</testsuite> <!-- com.itview.TestNG.WindowTab -->
